<?xml version="1.0" encoding="UTF-8"?>
<!-- Generated by org.testng.reporters.JUnitReportReporter -->
<testsuite skipped="0" hostname="sOurcEcODe" name="firsttestngpackage.firsttestngfile" tests="2" failures="0" timestamp="2020-06-22T13:57:58 BST" time="4.316" errors="0">
  <testcase name="register" time="2.335" classname="firsttestngpackage.firsttestngfile"/>
  <system-out/>
  <testcase name="support" time="1.981" classname="firsttestngpackage.firsttestngfile"/>
  <system-out/>
</testsuite> <!-- firsttestngpackage.firsttestngfile -->
